\BOOKMARK [1][-]{section.1}{Introduction}{}% 1
\BOOKMARK [1][-]{section.2}{Data Collection}{}% 2
\BOOKMARK [2][-]{subsection.2.1}{Code}{section.2}% 3
\BOOKMARK [3][-]{subsubsection.2.1.1}{ Lego Mindstorms NXT Client}{subsection.2.1}% 4
\BOOKMARK [3][-]{subsubsection.2.1.2}{Server}{subsection.2.1}% 5
\BOOKMARK [3][-]{subsubsection.2.1.3}{Controller}{subsection.2.1}% 6
\BOOKMARK [2][-]{subsection.2.2}{Collecting the Data}{section.2}% 7
\BOOKMARK [3][-]{subsubsection.2.2.1}{Data Filtering}{subsection.2.2}% 8
\BOOKMARK [1][-]{section.3}{System Identification}{}% 9
\BOOKMARK [2][-]{subsection.3.1}{Overshoot}{section.3}% 10
\BOOKMARK [2][-]{subsection.3.2}{Settling Time, T s}{section.3}% 11
\BOOKMARK [2][-]{subsection.3.3}{Damping Factor, }{section.3}% 12
\BOOKMARK [2][-]{subsection.3.4}{Natural Frequency, n}{section.3}% 13
\BOOKMARK [2][-]{subsection.3.5}{Parameter Approximation}{section.3}% 14
\BOOKMARK [1][-]{section.4}{Model Verification}{}% 15
\BOOKMARK [1][-]{section.5}{System Design}{}% 16
\BOOKMARK [1][-]{appendix.A}{APPENDIX}{}% 17
\BOOKMARK [2][-]{subsection.A.1}{Scilab Scripts}{appendix.A}% 18
\BOOKMARK [3][-]{subsubsection.A.1.1}{Model Parameters estimation}{subsection.A.1}% 19
\BOOKMARK [3][-]{subsubsection.A.1.2}{Model Verification}{subsection.A.1}% 20
\BOOKMARK [2][-]{subsection.A.2}{Data Collection Code}{appendix.A}% 21
\BOOKMARK [3][-]{subsubsection.A.2.1}{Data Packet Formats}{subsection.A.2}% 22
