This is pdfTeX, Version 3.1415926-2.5-1.40.14 (TeX Live 2013/Debian) (format=pdflatex 2014.4.3)  20 MAY 2014 21:24
entering extended mode
 restricted \write18 enabled.
 %&-line parsing enabled.
**title_page.tex
(./title_page.tex
LaTeX2e <2011/06/27>
Babel <3.9g> and hyphenation patterns for 78 languages loaded.

! LaTeX Error: Environment titlepage undefined.

See the LaTeX manual or LaTeX Companion for explanation.
Type  H <return>  for immediate help.
 ...                                              
                                                  
l.1 \begin{titlepage}
                     
Your command was ignored.
Type  I <command> <return>  to replace it with another command,
or  <return>  to continue without it.


! LaTeX Error: Missing \begin{document}.

See the LaTeX manual or LaTeX Companion for explanation.
Type  H <return>  for immediate help.
 ...                                              
                                                  
l.5 \center
           
You're in trouble here.  Try typing  <return>  to proceed.
If that doesn't work, type  X <return>  to quit.


Overfull \hbox (20.0pt too wide) in paragraph at lines 5--5
[] 
 []

! Undefined control sequence.
l.12 \includegraphics
                     {images/logo.png}\\[1cm]
The control sequence at the end of the top line
of your error message was never \def'ed. If you have
misspelled it (e.g., `\hobx'), type `I' and the correct
spelling (e.g., `I\hbox'). Otherwise just continue,
and I'll forget about whatever was undefined.

Missing character: There is no i in font nullfont!
Missing character: There is no m in font nullfont!
Missing character: There is no a in font nullfont!
Missing character: There is no g in font nullfont!
Missing character: There is no e in font nullfont!
Missing character: There is no s in font nullfont!
Missing character: There is no / in font nullfont!
Missing character: There is no l in font nullfont!
Missing character: There is no o in font nullfont!
Missing character: There is no g in font nullfont!
Missing character: There is no o in font nullfont!
Missing character: There is no . in font nullfont!
Missing character: There is no p in font nullfont!
Missing character: There is no n in font nullfont!
Missing character: There is no g in font nullfont!
! Undefined control sequence.
<recently read> \Large 
                       
l.21 ...ge Laboratory of Embedded Control Systems}
                                                  \\[0.5cm]
The control sequence at the end of the top line
of your error message was never \def'ed. If you have
misspelled it (e.g., `\hobx'), type `I' and the correct
spelling (e.g., `I\hbox'). Otherwise just continue,
and I'll forget about whatever was undefined.


Overfull \hbox (60.36636pt too wide) in paragraph at lines 21--21
 []\OT1/cmr/m/sc/10 Laboratory 
 []


Overfull \hbox (11.71107pt too wide) in paragraph at lines 21--21
 \OT1/cmr/m/sc/10 of 
 []


Overfull \hbox (18.66095pt too wide) in paragraph at lines 21--21
 \OT1/cmr/m/sc/10 Em- 
 []


Overfull \hbox (21.3999pt too wide) in paragraph at lines 21--21
 \OT1/cmr/m/sc/10 bed- 
 []


Overfull \hbox (18.0666pt too wide) in paragraph at lines 21--21
 \OT1/cmr/m/sc/10 ded 
 []


Overfull \hbox (24.12762pt too wide) in paragraph at lines 21--21
 \OT1/cmr/m/sc/10 Con- 
 []


Overfull \hbox (23.19987pt too wide) in paragraph at lines 21--21
 \OT1/cmr/m/sc/10 trol 
 []


Overfull \hbox (20.59985pt too wide) in paragraph at lines 21--21
 \OT1/cmr/m/sc/10 Sys- 
 []


Overfull \hbox (23.5332pt too wide) in paragraph at lines 21--21
 \OT1/cmr/m/sc/10 tems 
 []

! Undefined control sequence.
l.28 { \huge
             \bfseries \LEGO Motor Parameter Identification}\\[0.4cm]
The control sequence at the end of the top line
of your error message was never \def'ed. If you have
misspelled it (e.g., `\hobx'), type `I' and the correct
spelling (e.g., `I\hbox'). Otherwise just continue,
and I'll forget about whatever was undefined.

! Undefined control sequence.
l.28 { \huge \bfseries \LEGO
                             Motor Parameter Identification}\\[0.4cm]
The control sequence at the end of the top line
of your error message was never \def'ed. If you have
misspelled it (e.g., `\hobx'), type `I' and the correct
spelling (e.g., `I\hbox'). Otherwise just continue,
and I'll forget about whatever was undefined.


Overfull \hbox (31.62485pt too wide) in paragraph at lines 28--28
 []\OT1/cmr/bx/n/10 Motor 
 []


Overfull \hbox (16.96516pt too wide) in paragraph at lines 28--28
 \OT1/cmr/bx/n/10 Pa- 
 []


Overfull \hbox (23.74292pt too wide) in paragraph at lines 28--28
 \OT1/cmr/bx/n/10 ram- 
 []


Overfull \hbox (9.10413pt too wide) in paragraph at lines 28--28
 \OT1/cmr/bx/n/10 e- 
 []


Overfull \hbox (14.47911pt too wide) in paragraph at lines 28--28
 \OT1/cmr/bx/n/10 ter 
 []


Overfull \hbox (26.24292pt too wide) in paragraph at lines 28--28
 \OT1/cmr/bx/n/10 Iden- 
 []


Overfull \hbox (11.49994pt too wide) in paragraph at lines 28--28
 \OT1/cmr/bx/n/10 ti- 
 []


Overfull \hbox (10.22217pt too wide) in paragraph at lines 28--28
 \OT1/cmr/bx/n/10 fi- 
 []


Overfull \hbox (14.53462pt too wide) in paragraph at lines 28--28
 \OT1/cmr/bx/n/10 ca- 
 []


Overfull \hbox (19.80545pt too wide) in paragraph at lines 28--28
 \OT1/cmr/bx/n/10 tion 
 []

! Undefined control sequence.
l.36 \begin{flushleft} \large
                             
The control sequence at the end of the top line
of your error message was never \def'ed. If you have
misspelled it (e.g., `\hobx'), type `I' and the correct
spelling (e.g., `I\hbox'). Otherwise just continue,
and I'll forget about whatever was undefined.

Missing character: There is no N in font nullfont!
Missing character: There is no e in font nullfont!
Missing character: There is no l in font nullfont!
Missing character: There is no s in font nullfont!
Missing character: There is no o in font nullfont!
Missing character: There is no n in font nullfont!
Missing character: There is no K in font nullfont!
Missing character: There is no . in font nullfont!
Missing character: There is no Y in font nullfont!
Missing character: There is no a in font nullfont!
Missing character: There is no r in font nullfont!
Missing character: There is no e in font nullfont!
Missing character: There is no d in font nullfont!
Missing character: There is no S in font nullfont!
Missing character: There is no . in font nullfont!
LaTeX Font Info:    External font `cmex10' loaded for size
(Font)              <7> on input line 41.
LaTeX Font Info:    External font `cmex10' loaded for size
(Font)              <5> on input line 41.
! Undefined control sequence.
l.44 \begin{flushright} \large
                              
The control sequence at the end of the top line
of your error message was never \def'ed. If you have
misspelled it (e.g., `\hobx'), type `I' and the correct
spelling (e.g., `I\hbox'). Otherwise just continue,
and I'll forget about whatever was undefined.

Missing character: There is no P in font nullfont!
Missing character: There is no r in font nullfont!
Missing character: There is no o in font nullfont!
Missing character: There is no f in font nullfont!
Missing character: There is no . in font nullfont!
Missing character: There is no L in font nullfont!
Missing character: There is no u in font nullfont!
Missing character: There is no i in font nullfont!
Missing character: There is no g in font nullfont!
Missing character: There is no i in font nullfont!
Missing character: There is no P in font nullfont!
Missing character: There is no a in font nullfont!
Missing character: There is no l in font nullfont!
Missing character: There is no o in font nullfont!
Missing character: There is no p in font nullfont!
Missing character: There is no o in font nullfont!
Missing character: There is no l in font nullfont!
Missing character: There is no i in font nullfont!
Missing character: There is no P in font nullfont!
Missing character: There is no r in font nullfont!
Missing character: There is no o in font nullfont!
Missing character: There is no f in font nullfont!
Missing character: There is no . in font nullfont!
Missing character: There is no D in font nullfont!
Missing character: There is no a in font nullfont!
Missing character: There is no n in font nullfont!
Missing character: There is no i in font nullfont!
Missing character: There is no e in font nullfont!
Missing character: There is no l in font nullfont!
Missing character: There is no e in font nullfont!
Missing character: There is no F in font nullfont!
Missing character: There is no o in font nullfont!
Missing character: There is no n in font nullfont!
Missing character: There is no t in font nullfont!
Missing character: There is no a in font nullfont!
Missing character: There is no n in font nullfont!
Missing character: There is no e in font nullfont!
Missing character: There is no l in font nullfont!
Missing character: There is no l in font nullfont!
Missing character: There is no i in font nullfont!

Overfull \hbox (3276.74998pt too wide) in paragraph at lines 35--51
 []$[]$ 
 []


Overfull \hbox (3276.74998pt too wide) in paragraph at lines 35--51
 []$ 
 []

! Undefined control sequence.
l.58 {\large
             \today}\\[3cm]
The control sequence at the end of the top line
of your error message was never \def'ed. If you have
misspelled it (e.g., `\hobx'), type `I' and the correct
spelling (e.g., `I\hbox'). Otherwise just continue,
and I'll forget about whatever was undefined.

! Undefined control sequence.
l.58 {\large \today
                   }\\[3cm]
The control sequence at the end of the top line
of your error message was never \def'ed. If you have
misspelled it (e.g., `\hobx'), type `I' and the correct
spelling (e.g., `I\hbox'). Otherwise just continue,
and I'll forget about whatever was undefined.


! LaTeX Error: There's no line here to end.

See the LaTeX manual or LaTeX Companion for explanation.
Type  H <return>  for immediate help.
 ...                                              
                                                  
l.58 {\large \today}\\
                      [3cm]
Your command was ignored.
Type  I <command> <return>  to replace it with another command,
or  <return>  to continue without it.


! LaTeX Error: \begin{document} ended by \end{titlepage}.

See the LaTeX manual or LaTeX Companion for explanation.
Type  H <return>  for immediate help.
 ...                                              
                                                  
l.62 \end{titlepage}
                    
Your command was ignored.
Type  I <command> <return>  to replace it with another command,
or  <return>  to continue without it.

)
! Emergency stop.
<*> title_page.tex
                  
*** (job aborted, no legal \end found)

 
Here is how much of TeX's memory you used:
 18 strings out of 493304
 272 string characters out of 6139872
 52762 words of memory out of 5000000
 3574 multiletter control sequences out of 15000+600000
 4595 words of font info for 17 fonts, out of 8000000 for 9000
 957 hyphenation exceptions out of 8191
 20i,3n,18p,140b,218s stack positions out of 5000i,500n,10000p,200000b,80000s
!  ==> Fatal error occurred, no output PDF file produced!
